<?xml version="1.0" encoding="UTF-8"?>
<testng-results skipped="0" failed="1" ignored="0" total="3" passed="2">
  <reporter-output>
  </reporter-output>
  <suite name="Default suite" duration-ms="79993" started-at="2020-05-21T12:35:46 IST" finished-at="2020-05-21T12:37:06 IST">
    <groups>
    </groups>
    <test name="Default test" duration-ms="79993" started-at="2020-05-21T12:35:46 IST" finished-at="2020-05-21T12:37:06 IST">
      <class name="com.docubuilder.test.LoginPageTest">
        <test-method status="PASS" signature="setup()[pri:0, instance:com.docubuilder.test.LoginPageTest@9660f4e]" name="setup" is-config="true" duration-ms="11868" started-at="2020-05-21T12:35:46 IST" finished-at="2020-05-21T12:35:58 IST">
          <reporter-output>
          </reporter-output>
        </test-method> <!-- setup -->
        <test-method status="PASS" signature="loginPageTitleTest()[pri:1, instance:com.docubuilder.test.LoginPageTest@9660f4e]" name="loginPageTitleTest" duration-ms="13" started-at="2020-05-21T12:35:58 IST" finished-at="2020-05-21T12:35:58 IST">
          <reporter-output>
          </reporter-output>
        </test-method> <!-- loginPageTitleTest -->
        <test-method status="PASS" signature="closedDown()[pri:0, instance:com.docubuilder.test.LoginPageTest@9660f4e]" name="closedDown" is-config="true" duration-ms="632" started-at="2020-05-21T12:35:58 IST" finished-at="2020-05-21T12:35:58 IST">
          <reporter-output>
          </reporter-output>
        </test-method> <!-- closedDown -->
        <test-method status="PASS" signature="setup()[pri:0, instance:com.docubuilder.test.LoginPageTest@9660f4e]" name="setup" is-config="true" duration-ms="16390" started-at="2020-05-21T12:35:58 IST" finished-at="2020-05-21T12:36:15 IST">
          <reporter-output>
          </reporter-output>
        </test-method> <!-- setup -->
        <test-method status="FAIL" signature="DocubuilderLogoTest()[pri:2, instance:com.docubuilder.test.LoginPageTest@9660f4e]" name="DocubuilderLogoTest" duration-ms="20034" started-at="2020-05-21T12:36:15 IST" finished-at="2020-05-21T12:36:35 IST">
          <exception class="org.openqa.selenium.NoSuchElementException">
            <message>
              <![CDATA[no such element: Unable to locate element: {"method":"xpath","selector":"//div[@class='topHeaderDCILogoIMAGE']"}
  (Session info: chrome=81.0.4044.138)
For documentation on this error, please visit: https://www.seleniumhq.org/exceptions/no_such_element.html
Build info: version: '3.141.59', revision: 'e82be7d358', time: '2018-11-14T08:17:03'
System info: host: 'LAPTOP-OU21P9SR', ip: '192.168.43.218', os.name: 'Windows 10', os.arch: 'amd64', os.version: '10.0', java.version: '1.8.0_251'
Driver info: org.openqa.selenium.chrome.ChromeDriver
Capabilities {acceptInsecureCerts: false, browserName: chrome, browserVersion: 81.0.4044.138, chrome: {chromedriverVersion: 81.0.4044.138 (8c6c7ba89cc9..., userDataDir: C:\Users\pchan\AppData\Loca...}, goog:chromeOptions: {debuggerAddress: localhost:55151}, javascriptEnabled: true, networkConnectionEnabled: false, pageLoadStrategy: normal, platform: WINDOWS, platformName: WINDOWS, proxy: Proxy(), setWindowRect: true, strictFileInteractability: false, timeouts: {implicit: 0, pageLoad: 300000, script: 30000}, unhandledPromptBehavior: dismiss and notify, webauthn:virtualAuthenticators: true}
Session ID: 02d4740c6f6de1d8fbe28044d7c65cf1
*** Element info: {Using=xpath, value=//div[@class='topHeaderDCILogoIMAGE']}]]>
            </message>
            <full-stacktrace>
              <![CDATA[org.openqa.selenium.NoSuchElementException: no such element: Unable to locate element: {"method":"xpath","selector":"//div[@class='topHeaderDCILogoIMAGE']"}
  (Session info: chrome=81.0.4044.138)
For documentation on this error, please visit: https://www.seleniumhq.org/exceptions/no_such_element.html
Build info: version: '3.141.59', revision: 'e82be7d358', time: '2018-11-14T08:17:03'
System info: host: 'LAPTOP-OU21P9SR', ip: '192.168.43.218', os.name: 'Windows 10', os.arch: 'amd64', os.version: '10.0', java.version: '1.8.0_251'
Driver info: org.openqa.selenium.chrome.ChromeDriver
Capabilities {acceptInsecureCerts: false, browserName: chrome, browserVersion: 81.0.4044.138, chrome: {chromedriverVersion: 81.0.4044.138 (8c6c7ba89cc9..., userDataDir: C:\Users\pchan\AppData\Loca...}, goog:chromeOptions: {debuggerAddress: localhost:55151}, javascriptEnabled: true, networkConnectionEnabled: false, pageLoadStrategy: normal, platform: WINDOWS, platformName: WINDOWS, proxy: Proxy(), setWindowRect: true, strictFileInteractability: false, timeouts: {implicit: 0, pageLoad: 300000, script: 30000}, unhandledPromptBehavior: dismiss and notify, webauthn:virtualAuthenticators: true}
Session ID: 02d4740c6f6de1d8fbe28044d7c65cf1
*** Element info: {Using=xpath, value=//div[@class='topHeaderDCILogoIMAGE']}
at sun.reflect.NativeConstructorAccessorImpl.newInstance0(Native Method)
at sun.reflect.NativeConstructorAccessorImpl.newInstance(Unknown Source)
at sun.reflect.DelegatingConstructorAccessorImpl.newInstance(Unknown Source)
at java.lang.reflect.Constructor.newInstance(Unknown Source)
at org.openqa.selenium.remote.http.W3CHttpResponseCodec.createException(W3CHttpResponseCodec.java:187)
at org.openqa.selenium.remote.http.W3CHttpResponseCodec.decode(W3CHttpResponseCodec.java:122)
at org.openqa.selenium.remote.http.W3CHttpResponseCodec.decode(W3CHttpResponseCodec.java:49)
at org.openqa.selenium.remote.HttpCommandExecutor.execute(HttpCommandExecutor.java:158)
at org.openqa.selenium.remote.service.DriverCommandExecutor.execute(DriverCommandExecutor.java:83)
at org.openqa.selenium.remote.RemoteWebDriver.execute(RemoteWebDriver.java:552)
at org.openqa.selenium.remote.RemoteWebDriver.findElement(RemoteWebDriver.java:323)
at org.openqa.selenium.remote.RemoteWebDriver.findElementByXPath(RemoteWebDriver.java:428)
at org.openqa.selenium.By$ByXPath.findElement(By.java:353)
at org.openqa.selenium.remote.RemoteWebDriver.findElement(RemoteWebDriver.java:315)
at org.openqa.selenium.support.pagefactory.DefaultElementLocator.findElement(DefaultElementLocator.java:69)
at org.openqa.selenium.support.pagefactory.internal.LocatingElementHandler.invoke(LocatingElementHandler.java:38)
at com.sun.proxy.$Proxy9.isDisplayed(Unknown Source)
at com.docubuilder.pages.LoginPage.validateDocubuilderLogo(LoginPage.java:36)
at com.docubuilder.test.LoginPageTest.DocubuilderLogoTest(LoginPageTest.java:45)
at sun.reflect.NativeMethodAccessorImpl.invoke0(Native Method)
at sun.reflect.NativeMethodAccessorImpl.invoke(Unknown Source)
at sun.reflect.DelegatingMethodAccessorImpl.invoke(Unknown Source)
at java.lang.reflect.Method.invoke(Unknown Source)
at org.testng.internal.MethodInvocationHelper.invokeMethod(MethodInvocationHelper.java:134)
at org.testng.internal.TestInvoker.invokeMethod(TestInvoker.java:597)
at org.testng.internal.TestInvoker.invokeTestMethod(TestInvoker.java:173)
at org.testng.internal.MethodRunner.runInSequence(MethodRunner.java:46)
at org.testng.internal.TestInvoker$MethodInvocationAgent.invoke(TestInvoker.java:816)
at org.testng.internal.TestInvoker.invokeTestMethods(TestInvoker.java:146)
at org.testng.internal.TestMethodWorker.invokeTestMethods(TestMethodWorker.java:146)
at org.testng.internal.TestMethodWorker.run(TestMethodWorker.java:128)
at java.util.ArrayList.forEach(Unknown Source)
at org.testng.TestRunner.privateRun(TestRunner.java:766)
at org.testng.TestRunner.run(TestRunner.java:587)
at org.testng.SuiteRunner.runTest(SuiteRunner.java:384)
at org.testng.SuiteRunner.runSequentially(SuiteRunner.java:378)
at org.testng.SuiteRunner.privateRun(SuiteRunner.java:337)
at org.testng.SuiteRunner.run(SuiteRunner.java:286)
at org.testng.SuiteRunnerWorker.runSuite(SuiteRunnerWorker.java:53)
at org.testng.SuiteRunnerWorker.run(SuiteRunnerWorker.java:96)
at org.testng.TestNG.runSuitesSequentially(TestNG.java:1187)
at org.testng.TestNG.runSuitesLocally(TestNG.java:1109)
at org.testng.TestNG.runSuites(TestNG.java:1039)
at org.testng.TestNG.run(TestNG.java:1007)
at org.testng.remote.AbstractRemoteTestNG.run(AbstractRemoteTestNG.java:115)
at org.testng.remote.RemoteTestNG.initAndRun(RemoteTestNG.java:251)
at org.testng.remote.RemoteTestNG.main(RemoteTestNG.java:77)
]]>
            </full-stacktrace>
          </exception> <!-- org.openqa.selenium.NoSuchElementException -->
          <reporter-output>
          </reporter-output>
        </test-method> <!-- DocubuilderLogoTest -->
        <test-method status="PASS" signature="closedDown()[pri:0, instance:com.docubuilder.test.LoginPageTest@9660f4e]" name="closedDown" is-config="true" duration-ms="610" started-at="2020-05-21T12:36:35 IST" finished-at="2020-05-21T12:36:35 IST">
          <reporter-output>
          </reporter-output>
        </test-method> <!-- closedDown -->
        <test-method status="PASS" signature="setup()[pri:0, instance:com.docubuilder.test.LoginPageTest@9660f4e]" name="setup" is-config="true" duration-ms="11369" started-at="2020-05-21T12:36:35 IST" finished-at="2020-05-21T12:36:47 IST">
          <reporter-output>
          </reporter-output>
        </test-method> <!-- setup -->
        <test-method status="PASS" signature="LoginPageTest()[pri:3, instance:com.docubuilder.test.LoginPageTest@9660f4e]" name="LoginPageTest" duration-ms="18410" started-at="2020-05-21T12:36:47 IST" finished-at="2020-05-21T12:37:05 IST">
          <reporter-output>
          </reporter-output>
        </test-method> <!-- LoginPageTest -->
        <test-method status="PASS" signature="closedDown()[pri:0, instance:com.docubuilder.test.LoginPageTest@9660f4e]" name="closedDown" is-config="true" duration-ms="626" started-at="2020-05-21T12:37:05 IST" finished-at="2020-05-21T12:37:06 IST">
          <reporter-output>
          </reporter-output>
        </test-method> <!-- closedDown -->
      </class> <!-- com.docubuilder.test.LoginPageTest -->
    </test> <!-- Default test -->
  </suite> <!-- Default suite -->
</testng-results>
